{"/Users/nerycano/Desktop/project/React/JestProject/src/index.js": {"path":"/Users/nerycano/Desktop/project/React/JestProject/src/index.js","statementMap":{"0":{"start":{"line":1,"column":15},"end":{"line":1,"column":64}},"1":{"start":{"line":3,"column":21},"end":{"line":6,"column":1}},"2":{"start":{"line":4,"column":17},"end":{"line":4,"column":66}},"3":{"start":{"line":5,"column":2},"end":{"line":5,"column":16}},"4":{"start":{"line":7,"column":23},"end":{"line":14,"column":1}},"5":{"start":{"line":8,"column":2},"end":{"line":13,"column":5}},"6":{"start":{"line":9,"column":4},"end":{"line":11,"column":5}},"7":{"start":{"line":10,"column":6},"end":{"line":10,"column":33}},"8":{"start":{"line":12,"column":4},"end":{"line":12,"column":46}},"9":{"start":{"line":16,"column":0},"end":{"line":16,"column":30}}},"fnMap":{"0":{"name":"(anonymous_0)","decl":{"start":{"line":3,"column":21},"end":{"line":3,"column":22}},"loc":{"start":{"line":3,"column":27},"end":{"line":6,"column":1}},"line":3},"1":{"name":"(anonymous_1)","decl":{"start":{"line":7,"column":23},"end":{"line":7,"column":24}},"loc":{"start":{"line":7,"column":32},"end":{"line":14,"column":1}},"line":7},"2":{"name":"(anonymous_2)","decl":{"start":{"line":8,"column":21},"end":{"line":8,"column":22}},"loc":{"start":{"line":8,"column":42},"end":{"line":13,"column":3}},"line":8}},"branchMap":{"0":{"loc":{"start":{"line":9,"column":4},"end":{"line":11,"column":5}},"type":"if","locations":[{"start":{"line":9,"column":4},"end":{"line":11,"column":5}},{"start":{"line":9,"column":4},"end":{"line":11,"column":5}}],"line":9}},"s":{"0":1,"1":1,"2":2,"3":2,"4":1,"5":0,"6":0,"7":0,"8":0,"9":1},"f":{"0":2,"1":0,"2":0},"b":{"0":[0,0]},"_coverageSchema":"1a1c01bbd47fc00a2c39e90264f33305004495a9","hash":"bacb58edd99d929450b8b95fa592a50305cf192c"}
}
